  main.cpp
C:\Users\user\source\repos\SapAaliGame\sfmlFunctions.h(35,35): warning C4244: '*=': conversion from 'double' to 'float', possible loss of data
  (compiling source file 'main.cpp')
  
C:\Users\user\source\repos\SapAaliGame\sfmlFunctions.h(37,27): warning C4244: 'argument': conversion from 'float' to 'unsigned int', possible loss of data
  (compiling source file 'main.cpp')
  
C:\Users\user\source\repos\SapAaliGame\sfmlFunctions.h(53,63): warning C4244: 'argument': conversion from 'double' to 'float', possible loss of data
  (compiling source file 'main.cpp')
  
C:\Users\user\source\repos\SapAaliGame\sfmlFunctions.h(53,45): warning C4244: 'argument': conversion from 'double' to 'float', possible loss of data
  (compiling source file 'main.cpp')
  
C:\Users\user\source\repos\SapAaliGame\sfmlFunctions.h(56,69): warning C4244: 'argument': conversion from 'double' to 'float', possible loss of data
  (compiling source file 'main.cpp')
  
C:\Users\user\source\repos\SapAaliGame\sfmlFunctions.h(56,37): warning C4244: 'argument': conversion from 'double' to 'float', possible loss of data
  (compiling source file 'main.cpp')
  
C:\Users\user\source\repos\SapAaliGame\sfmlFunctions.h(59,39): warning C4244: 'argument': conversion from 'int' to 'float', possible loss of data
  (compiling source file 'main.cpp')
  
C:\Users\user\source\repos\SapAaliGame\sfmlFunctions.h(59,26): warning C4244: 'argument': conversion from 'int' to 'float', possible loss of data
  (compiling source file 'main.cpp')
  
C:\Users\user\source\repos\SapAaliGame\sfmlFunctions.h(87,32): warning C4244: '*=': conversion from 'double' to 'int', possible loss of data
  (compiling source file 'main.cpp')
  
C:\Users\user\source\repos\SapAaliGame\sfmlFunctions.h(88,34): warning C4244: '*=': conversion from 'double' to 'int', possible loss of data
  (compiling source file 'main.cpp')
  
C:\Users\user\source\repos\SapAaliGame\sfmlFunctions.h(89,37): warning C4244: '*=': conversion from 'double' to 'int', possible loss of data
  (compiling source file 'main.cpp')
  
C:\Users\user\source\repos\SapAaliGame\sfmlFunctions.h(90,36): warning C4244: '*=': conversion from 'double' to 'int', possible loss of data
  (compiling source file 'main.cpp')
  
C:\Users\user\source\repos\SapAaliGame\sfmlFunctions.h(94,43): warning C4244: 'argument': conversion from 'int' to 'T', possible loss of data
C:\Users\user\source\repos\SapAaliGame\sfmlFunctions.h(94,43): warning C4244:         with
C:\Users\user\source\repos\SapAaliGame\sfmlFunctions.h(94,43): warning C4244:         [
C:\Users\user\source\repos\SapAaliGame\sfmlFunctions.h(94,43): warning C4244:             T=float
C:\Users\user\source\repos\SapAaliGame\sfmlFunctions.h(94,43): warning C4244:         ]
  (compiling source file 'main.cpp')
  
C:\Users\user\source\repos\SapAaliGame\sfmlFunctions.h(94,36): warning C4244: 'argument': conversion from 'int' to 'T', possible loss of data
C:\Users\user\source\repos\SapAaliGame\sfmlFunctions.h(94,36): warning C4244:         with
C:\Users\user\source\repos\SapAaliGame\sfmlFunctions.h(94,36): warning C4244:         [
C:\Users\user\source\repos\SapAaliGame\sfmlFunctions.h(94,36): warning C4244:             T=float
C:\Users\user\source\repos\SapAaliGame\sfmlFunctions.h(94,36): warning C4244:         ]
  (compiling source file 'main.cpp')
  
C:\Users\user\source\repos\SapAaliGame\sfmlFunctions.h(96,45): warning C4244: 'argument': conversion from 'int' to 'T', possible loss of data
C:\Users\user\source\repos\SapAaliGame\sfmlFunctions.h(96,45): warning C4244:         with
C:\Users\user\source\repos\SapAaliGame\sfmlFunctions.h(96,45): warning C4244:         [
C:\Users\user\source\repos\SapAaliGame\sfmlFunctions.h(96,45): warning C4244:             T=float
C:\Users\user\source\repos\SapAaliGame\sfmlFunctions.h(96,45): warning C4244:         ]
  (compiling source file 'main.cpp')
  
C:\Users\user\source\repos\SapAaliGame\sfmlFunctions.h(96,33): warning C4244: 'argument': conversion from 'int' to 'T', possible loss of data
C:\Users\user\source\repos\SapAaliGame\sfmlFunctions.h(96,33): warning C4244:         with
C:\Users\user\source\repos\SapAaliGame\sfmlFunctions.h(96,33): warning C4244:         [
C:\Users\user\source\repos\SapAaliGame\sfmlFunctions.h(96,33): warning C4244:             T=float
C:\Users\user\source\repos\SapAaliGame\sfmlFunctions.h(96,33): warning C4244:         ]
  (compiling source file 'main.cpp')
  
C:\Users\user\source\repos\SapAaliGame\main.cpp(274,61): warning C4244: 'argument': conversion from 'double' to 'T', possible loss of data
C:\Users\user\source\repos\SapAaliGame\main.cpp(274,61): warning C4244:         with
C:\Users\user\source\repos\SapAaliGame\main.cpp(274,61): warning C4244:         [
C:\Users\user\source\repos\SapAaliGame\main.cpp(274,61): warning C4244:             T=float
C:\Users\user\source\repos\SapAaliGame\main.cpp(274,61): warning C4244:         ]
C:\Users\user\source\repos\SapAaliGame\main.cpp(274,35): warning C4244: 'argument': conversion from 'double' to 'T', possible loss of data
C:\Users\user\source\repos\SapAaliGame\main.cpp(274,35): warning C4244:         with
C:\Users\user\source\repos\SapAaliGame\main.cpp(274,35): warning C4244:         [
C:\Users\user\source\repos\SapAaliGame\main.cpp(274,35): warning C4244:             T=float
C:\Users\user\source\repos\SapAaliGame\main.cpp(274,35): warning C4244:         ]
C:\Users\user\source\repos\SapAaliGame\main.cpp(275,49): warning C4244: 'argument': conversion from 'double' to 'T', possible loss of data
C:\Users\user\source\repos\SapAaliGame\main.cpp(275,49): warning C4244:         with
C:\Users\user\source\repos\SapAaliGame\main.cpp(275,49): warning C4244:         [
C:\Users\user\source\repos\SapAaliGame\main.cpp(275,49): warning C4244:             T=float
C:\Users\user\source\repos\SapAaliGame\main.cpp(275,49): warning C4244:         ]
C:\Users\user\source\repos\SapAaliGame\main.cpp(275,23): warning C4244: 'argument': conversion from 'double' to 'T', possible loss of data
C:\Users\user\source\repos\SapAaliGame\main.cpp(275,23): warning C4244:         with
C:\Users\user\source\repos\SapAaliGame\main.cpp(275,23): warning C4244:         [
C:\Users\user\source\repos\SapAaliGame\main.cpp(275,23): warning C4244:             T=float
C:\Users\user\source\repos\SapAaliGame\main.cpp(275,23): warning C4244:         ]
C:\Users\user\source\repos\SapAaliGame\main.cpp(279,69): warning C4244: 'argument': conversion from 'double' to 'T', possible loss of data
C:\Users\user\source\repos\SapAaliGame\main.cpp(279,69): warning C4244:         with
C:\Users\user\source\repos\SapAaliGame\main.cpp(279,69): warning C4244:         [
C:\Users\user\source\repos\SapAaliGame\main.cpp(279,69): warning C4244:             T=float
C:\Users\user\source\repos\SapAaliGame\main.cpp(279,69): warning C4244:         ]
C:\Users\user\source\repos\SapAaliGame\main.cpp(279,43): warning C4244: 'argument': conversion from 'double' to 'T', possible loss of data
C:\Users\user\source\repos\SapAaliGame\main.cpp(279,43): warning C4244:         with
C:\Users\user\source\repos\SapAaliGame\main.cpp(279,43): warning C4244:         [
C:\Users\user\source\repos\SapAaliGame\main.cpp(279,43): warning C4244:             T=float
C:\Users\user\source\repos\SapAaliGame\main.cpp(279,43): warning C4244:         ]
C:\Users\user\source\repos\SapAaliGame\main.cpp(290,74): warning C4244: 'argument': conversion from 'double' to 'int', possible loss of data
C:\Users\user\source\repos\SapAaliGame\main.cpp(292,35): warning C4244: 'initializing': conversion from 'double' to 'int', possible loss of data
C:\Users\user\source\repos\SapAaliGame\main.cpp(296,119): warning C4244: 'argument': conversion from 'double' to 'int', possible loss of data
C:\Users\user\source\repos\SapAaliGame\main.cpp(299,118): warning C4244: 'argument': conversion from 'double' to 'int', possible loss of data
C:\Users\user\source\repos\SapAaliGame\main.cpp(320,60): warning C4244: 'argument': conversion from 'double' to 'T', possible loss of data
C:\Users\user\source\repos\SapAaliGame\main.cpp(320,60): warning C4244:         with
C:\Users\user\source\repos\SapAaliGame\main.cpp(320,60): warning C4244:         [
C:\Users\user\source\repos\SapAaliGame\main.cpp(320,60): warning C4244:             T=float
C:\Users\user\source\repos\SapAaliGame\main.cpp(320,60): warning C4244:         ]
C:\Users\user\source\repos\SapAaliGame\main.cpp(320,34): warning C4244: 'argument': conversion from 'double' to 'T', possible loss of data
C:\Users\user\source\repos\SapAaliGame\main.cpp(320,34): warning C4244:         with
C:\Users\user\source\repos\SapAaliGame\main.cpp(320,34): warning C4244:         [
C:\Users\user\source\repos\SapAaliGame\main.cpp(320,34): warning C4244:             T=float
C:\Users\user\source\repos\SapAaliGame\main.cpp(320,34): warning C4244:         ]
C:\Users\user\source\repos\SapAaliGame\main.cpp(327,52): warning C4244: 'argument': conversion from 'double' to 'T', possible loss of data
C:\Users\user\source\repos\SapAaliGame\main.cpp(327,52): warning C4244:         with
C:\Users\user\source\repos\SapAaliGame\main.cpp(327,52): warning C4244:         [
C:\Users\user\source\repos\SapAaliGame\main.cpp(327,52): warning C4244:             T=float
C:\Users\user\source\repos\SapAaliGame\main.cpp(327,52): warning C4244:         ]
C:\Users\user\source\repos\SapAaliGame\main.cpp(327,26): warning C4244: 'argument': conversion from 'double' to 'T', possible loss of data
C:\Users\user\source\repos\SapAaliGame\main.cpp(327,26): warning C4244:         with
C:\Users\user\source\repos\SapAaliGame\main.cpp(327,26): warning C4244:         [
C:\Users\user\source\repos\SapAaliGame\main.cpp(327,26): warning C4244:             T=float
C:\Users\user\source\repos\SapAaliGame\main.cpp(327,26): warning C4244:         ]
C:\Users\user\source\repos\SapAaliGame\main.cpp(329,69): warning C4244: 'argument': conversion from 'double' to 'T', possible loss of data
C:\Users\user\source\repos\SapAaliGame\main.cpp(329,69): warning C4244:         with
C:\Users\user\source\repos\SapAaliGame\main.cpp(329,69): warning C4244:         [
C:\Users\user\source\repos\SapAaliGame\main.cpp(329,69): warning C4244:             T=float
C:\Users\user\source\repos\SapAaliGame\main.cpp(329,69): warning C4244:         ]
C:\Users\user\source\repos\SapAaliGame\main.cpp(329,43): warning C4244: 'argument': conversion from 'double' to 'T', possible loss of data
C:\Users\user\source\repos\SapAaliGame\main.cpp(329,43): warning C4244:         with
C:\Users\user\source\repos\SapAaliGame\main.cpp(329,43): warning C4244:         [
C:\Users\user\source\repos\SapAaliGame\main.cpp(329,43): warning C4244:             T=float
C:\Users\user\source\repos\SapAaliGame\main.cpp(329,43): warning C4244:         ]
C:\Users\user\source\repos\SapAaliGame\main.cpp(337,150): warning C4244: 'argument': conversion from 'double' to 'int', possible loss of data
C:\Users\user\source\repos\SapAaliGame\main.cpp(353,126): warning C4244: 'argument': conversion from 'double' to 'int', possible loss of data
C:\Users\user\source\repos\SapAaliGame\main.cpp(356,129): warning C4244: 'argument': conversion from 'double' to 'int', possible loss of data
C:\Users\user\source\repos\SapAaliGame\main.cpp(356,88): warning C4244: 'argument': conversion from 'double' to 'int', possible loss of data
C:\Users\user\source\repos\SapAaliGame\main.cpp(386,139): warning C4244: 'argument': conversion from 'double' to 'int', possible loss of data
C:\Users\user\source\repos\SapAaliGame\main.cpp(386,117): warning C4244: 'argument': conversion from 'double' to 'int', possible loss of data
C:\Users\user\source\repos\SapAaliGame\main.cpp(386,91): warning C4244: 'argument': conversion from 'double' to 'int', possible loss of data
C:\Users\user\source\repos\SapAaliGame\main.cpp(388,141): warning C4244: 'argument': conversion from 'double' to 'int', possible loss of data
C:\Users\user\source\repos\SapAaliGame\main.cpp(388,119): warning C4244: 'argument': conversion from 'double' to 'int', possible loss of data
C:\Users\user\source\repos\SapAaliGame\main.cpp(388,93): warning C4244: 'argument': conversion from 'double' to 'int', possible loss of data
C:\Users\user\source\repos\SapAaliGame\main.cpp(400,34): warning C4244: 'argument': conversion from 'int' to 'T', possible loss of data
C:\Users\user\source\repos\SapAaliGame\main.cpp(400,34): warning C4244:         with
C:\Users\user\source\repos\SapAaliGame\main.cpp(400,34): warning C4244:         [
C:\Users\user\source\repos\SapAaliGame\main.cpp(400,34): warning C4244:             T=float
C:\Users\user\source\repos\SapAaliGame\main.cpp(400,34): warning C4244:         ]
C:\Users\user\source\repos\SapAaliGame\main.cpp(400,25): warning C4244: 'argument': conversion from 'int' to 'T', possible loss of data
C:\Users\user\source\repos\SapAaliGame\main.cpp(400,25): warning C4244:         with
C:\Users\user\source\repos\SapAaliGame\main.cpp(400,25): warning C4244:         [
C:\Users\user\source\repos\SapAaliGame\main.cpp(400,25): warning C4244:             T=float
C:\Users\user\source\repos\SapAaliGame\main.cpp(400,25): warning C4244:         ]
C:\Users\user\source\repos\SapAaliGame\main.cpp(403,72): warning C4244: 'argument': conversion from 'int' to 'T', possible loss of data
C:\Users\user\source\repos\SapAaliGame\main.cpp(403,72): warning C4244:         with
C:\Users\user\source\repos\SapAaliGame\main.cpp(403,72): warning C4244:         [
C:\Users\user\source\repos\SapAaliGame\main.cpp(403,72): warning C4244:             T=float
C:\Users\user\source\repos\SapAaliGame\main.cpp(403,72): warning C4244:         ]
C:\Users\user\source\repos\SapAaliGame\main.cpp(403,52): warning C4244: 'argument': conversion from 'int' to 'T', possible loss of data
C:\Users\user\source\repos\SapAaliGame\main.cpp(403,52): warning C4244:         with
C:\Users\user\source\repos\SapAaliGame\main.cpp(403,52): warning C4244:         [
C:\Users\user\source\repos\SapAaliGame\main.cpp(403,52): warning C4244:             T=float
C:\Users\user\source\repos\SapAaliGame\main.cpp(403,52): warning C4244:         ]
C:\Users\user\source\repos\SapAaliGame\main.cpp(407,69): warning C4244: 'argument': conversion from 'int' to 'T', possible loss of data
C:\Users\user\source\repos\SapAaliGame\main.cpp(407,69): warning C4244:         with
C:\Users\user\source\repos\SapAaliGame\main.cpp(407,69): warning C4244:         [
C:\Users\user\source\repos\SapAaliGame\main.cpp(407,69): warning C4244:             T=float
C:\Users\user\source\repos\SapAaliGame\main.cpp(407,69): warning C4244:         ]
C:\Users\user\source\repos\SapAaliGame\main.cpp(407,49): warning C4244: 'argument': conversion from 'int' to 'T', possible loss of data
C:\Users\user\source\repos\SapAaliGame\main.cpp(407,49): warning C4244:         with
C:\Users\user\source\repos\SapAaliGame\main.cpp(407,49): warning C4244:         [
C:\Users\user\source\repos\SapAaliGame\main.cpp(407,49): warning C4244:             T=float
C:\Users\user\source\repos\SapAaliGame\main.cpp(407,49): warning C4244:         ]
C:\Users\user\source\repos\SapAaliGame\main.cpp(413,79): warning C4244: 'argument': conversion from 'int' to 'T', possible loss of data
C:\Users\user\source\repos\SapAaliGame\main.cpp(413,79): warning C4244:         with
C:\Users\user\source\repos\SapAaliGame\main.cpp(413,79): warning C4244:         [
C:\Users\user\source\repos\SapAaliGame\main.cpp(413,79): warning C4244:             T=float
C:\Users\user\source\repos\SapAaliGame\main.cpp(413,79): warning C4244:         ]
C:\Users\user\source\repos\SapAaliGame\main.cpp(413,47): warning C4244: 'argument': conversion from 'int' to 'T', possible loss of data
C:\Users\user\source\repos\SapAaliGame\main.cpp(413,47): warning C4244:         with
C:\Users\user\source\repos\SapAaliGame\main.cpp(413,47): warning C4244:         [
C:\Users\user\source\repos\SapAaliGame\main.cpp(413,47): warning C4244:             T=float
C:\Users\user\source\repos\SapAaliGame\main.cpp(413,47): warning C4244:         ]
C:\Users\user\source\repos\SapAaliGame\main.cpp(419,79): warning C4244: 'argument': conversion from 'int' to 'T', possible loss of data
C:\Users\user\source\repos\SapAaliGame\main.cpp(419,79): warning C4244:         with
C:\Users\user\source\repos\SapAaliGame\main.cpp(419,79): warning C4244:         [
C:\Users\user\source\repos\SapAaliGame\main.cpp(419,79): warning C4244:             T=float
C:\Users\user\source\repos\SapAaliGame\main.cpp(419,79): warning C4244:         ]
C:\Users\user\source\repos\SapAaliGame\main.cpp(419,47): warning C4244: 'argument': conversion from 'int' to 'T', possible loss of data
C:\Users\user\source\repos\SapAaliGame\main.cpp(419,47): warning C4244:         with
C:\Users\user\source\repos\SapAaliGame\main.cpp(419,47): warning C4244:         [
C:\Users\user\source\repos\SapAaliGame\main.cpp(419,47): warning C4244:             T=float
C:\Users\user\source\repos\SapAaliGame\main.cpp(419,47): warning C4244:         ]
C:\Users\user\source\repos\SapAaliGame\main.cpp(467,140): warning C4244: 'argument': conversion from 'double' to 'int', possible loss of data
C:\Users\user\source\repos\SapAaliGame\main.cpp(467,118): warning C4244: 'argument': conversion from 'double' to 'int', possible loss of data
C:\Users\user\source\repos\SapAaliGame\main.cpp(467,92): warning C4244: 'argument': conversion from 'double' to 'int', possible loss of data
C:\Users\user\source\repos\SapAaliGame\main.cpp(469,141): warning C4244: 'argument': conversion from 'double' to 'int', possible loss of data
C:\Users\user\source\repos\SapAaliGame\main.cpp(469,119): warning C4244: 'argument': conversion from 'double' to 'int', possible loss of data
C:\Users\user\source\repos\SapAaliGame\main.cpp(469,93): warning C4244: 'argument': conversion from 'double' to 'int', possible loss of data
C:\Users\user\source\repos\SapAaliGame\main.cpp(481,34): warning C4244: 'argument': conversion from 'int' to 'T', possible loss of data
C:\Users\user\source\repos\SapAaliGame\main.cpp(481,34): warning C4244:         with
C:\Users\user\source\repos\SapAaliGame\main.cpp(481,34): warning C4244:         [
C:\Users\user\source\repos\SapAaliGame\main.cpp(481,34): warning C4244:             T=float
C:\Users\user\source\repos\SapAaliGame\main.cpp(481,34): warning C4244:         ]
C:\Users\user\source\repos\SapAaliGame\main.cpp(481,25): warning C4244: 'argument': conversion from 'int' to 'T', possible loss of data
C:\Users\user\source\repos\SapAaliGame\main.cpp(481,25): warning C4244:         with
C:\Users\user\source\repos\SapAaliGame\main.cpp(481,25): warning C4244:         [
C:\Users\user\source\repos\SapAaliGame\main.cpp(481,25): warning C4244:             T=float
C:\Users\user\source\repos\SapAaliGame\main.cpp(481,25): warning C4244:         ]
C:\Users\user\source\repos\SapAaliGame\main.cpp(484,72): warning C4244: 'argument': conversion from 'int' to 'T', possible loss of data
C:\Users\user\source\repos\SapAaliGame\main.cpp(484,72): warning C4244:         with
C:\Users\user\source\repos\SapAaliGame\main.cpp(484,72): warning C4244:         [
C:\Users\user\source\repos\SapAaliGame\main.cpp(484,72): warning C4244:             T=float
C:\Users\user\source\repos\SapAaliGame\main.cpp(484,72): warning C4244:         ]
C:\Users\user\source\repos\SapAaliGame\main.cpp(484,52): warning C4244: 'argument': conversion from 'int' to 'T', possible loss of data
C:\Users\user\source\repos\SapAaliGame\main.cpp(484,52): warning C4244:         with
C:\Users\user\source\repos\SapAaliGame\main.cpp(484,52): warning C4244:         [
C:\Users\user\source\repos\SapAaliGame\main.cpp(484,52): warning C4244:             T=float
C:\Users\user\source\repos\SapAaliGame\main.cpp(484,52): warning C4244:         ]
C:\Users\user\source\repos\SapAaliGame\main.cpp(488,69): warning C4244: 'argument': conversion from 'int' to 'T', possible loss of data
C:\Users\user\source\repos\SapAaliGame\main.cpp(488,69): warning C4244:         with
C:\Users\user\source\repos\SapAaliGame\main.cpp(488,69): warning C4244:         [
C:\Users\user\source\repos\SapAaliGame\main.cpp(488,69): warning C4244:             T=float
C:\Users\user\source\repos\SapAaliGame\main.cpp(488,69): warning C4244:         ]
C:\Users\user\source\repos\SapAaliGame\main.cpp(488,49): warning C4244: 'argument': conversion from 'int' to 'T', possible loss of data
C:\Users\user\source\repos\SapAaliGame\main.cpp(488,49): warning C4244:         with
C:\Users\user\source\repos\SapAaliGame\main.cpp(488,49): warning C4244:         [
C:\Users\user\source\repos\SapAaliGame\main.cpp(488,49): warning C4244:             T=float
C:\Users\user\source\repos\SapAaliGame\main.cpp(488,49): warning C4244:         ]
C:\Users\user\source\repos\SapAaliGame\main.cpp(494,79): warning C4244: 'argument': conversion from 'int' to 'T', possible loss of data
C:\Users\user\source\repos\SapAaliGame\main.cpp(494,79): warning C4244:         with
C:\Users\user\source\repos\SapAaliGame\main.cpp(494,79): warning C4244:         [
C:\Users\user\source\repos\SapAaliGame\main.cpp(494,79): warning C4244:             T=float
C:\Users\user\source\repos\SapAaliGame\main.cpp(494,79): warning C4244:         ]
C:\Users\user\source\repos\SapAaliGame\main.cpp(494,47): warning C4244: 'argument': conversion from 'int' to 'T', possible loss of data
C:\Users\user\source\repos\SapAaliGame\main.cpp(494,47): warning C4244:         with
C:\Users\user\source\repos\SapAaliGame\main.cpp(494,47): warning C4244:         [
C:\Users\user\source\repos\SapAaliGame\main.cpp(494,47): warning C4244:             T=float
C:\Users\user\source\repos\SapAaliGame\main.cpp(494,47): warning C4244:         ]
C:\Users\user\source\repos\SapAaliGame\main.cpp(500,79): warning C4244: 'argument': conversion from 'int' to 'T', possible loss of data
C:\Users\user\source\repos\SapAaliGame\main.cpp(500,79): warning C4244:         with
C:\Users\user\source\repos\SapAaliGame\main.cpp(500,79): warning C4244:         [
C:\Users\user\source\repos\SapAaliGame\main.cpp(500,79): warning C4244:             T=float
C:\Users\user\source\repos\SapAaliGame\main.cpp(500,79): warning C4244:         ]
C:\Users\user\source\repos\SapAaliGame\main.cpp(500,47): warning C4244: 'argument': conversion from 'int' to 'T', possible loss of data
C:\Users\user\source\repos\SapAaliGame\main.cpp(500,47): warning C4244:         with
C:\Users\user\source\repos\SapAaliGame\main.cpp(500,47): warning C4244:         [
C:\Users\user\source\repos\SapAaliGame\main.cpp(500,47): warning C4244:             T=float
C:\Users\user\source\repos\SapAaliGame\main.cpp(500,47): warning C4244:         ]
C:\Users\user\source\repos\SapAaliGame\main.cpp(654,78): warning C4244: 'argument': conversion from 'double' to 'int', possible loss of data
C:\Users\user\source\repos\SapAaliGame\main.cpp(654,56): warning C4244: 'argument': conversion from 'double' to 'int', possible loss of data
C:\Users\user\source\repos\SapAaliGame\main.cpp(685,77): warning C4244: 'argument': conversion from 'double' to 'T', possible loss of data
C:\Users\user\source\repos\SapAaliGame\main.cpp(685,77): warning C4244:         with
C:\Users\user\source\repos\SapAaliGame\main.cpp(685,77): warning C4244:         [
C:\Users\user\source\repos\SapAaliGame\main.cpp(685,77): warning C4244:             T=float
C:\Users\user\source\repos\SapAaliGame\main.cpp(685,77): warning C4244:         ]
C:\Users\user\source\repos\SapAaliGame\main.cpp(685,56): warning C4244: 'argument': conversion from 'unsigned int' to 'T', possible loss of data
C:\Users\user\source\repos\SapAaliGame\main.cpp(685,56): warning C4244:         with
C:\Users\user\source\repos\SapAaliGame\main.cpp(685,56): warning C4244:         [
C:\Users\user\source\repos\SapAaliGame\main.cpp(685,56): warning C4244:             T=float
C:\Users\user\source\repos\SapAaliGame\main.cpp(685,56): warning C4244:         ]
  SapAaliGame.vcxproj -> C:\Users\user\source\repos\SapAaliGame\x64\Debug\SapAaliGame.exe
